<?xml version="1.0" encoding="UTF-8"?>
<testng-results ignored="0" total="1" passed="1" failed="0" skipped="0">
  <reporter-output>
  </reporter-output>
  <suite started-at="2023-07-27T08:24:23Z" name="Default suite" finished-at="2023-07-27T08:24:30Z" duration-ms="6898">
    <groups>
    </groups>
    <test started-at="2023-07-27T08:24:23Z" name="Default test" finished-at="2023-07-27T08:24:30Z" duration-ms="6898">
      <class name="pck_002_TestNG.Class_002_TestNG">
        <test-method signature="f()[pri:0, instance:pck_002_TestNG.Class_002_TestNG@72035809]" started-at="2023-07-27T02:24:23Z" name="f" finished-at="2023-07-27T02:24:30Z" duration-ms="6885" status="PASS">
          <reporter-output>
          </reporter-output>
        </test-method> <!-- f -->
      </class> <!-- pck_002_TestNG.Class_002_TestNG -->
    </test> <!-- Default test -->
  </suite> <!-- Default suite -->
</testng-results>
